[info][lexical]  set_start

[info][lexical]  p = 'f'

[debug][lexical]  check list : paser_list[0]->status = -1
[debug][lexical]  check list : paser_list[1]->status = -1
[debug][lexical]  check list : paser_list[2]->status = -1
[debug][lexical]  check list : paser_list[3]->status = -1
[debug][lexical]  check list : paser_list[4]->status = -1
[debug][lexical]  check list : paser_list[5]->status = -1
[debug][lexical]  check list : paser_list[6]->status = -1
[debug][lexical]  check list : paser_list[7]->status = -1
[debug][lexical]  check list : paser_list[8]->status = -1
[debug][lexical]  check list : paser_list[9]->status = -1
[debug][lexical]  check list : paser_list[10]->status = -1
[debug][lexical]  check list : paser_list[11]->status = -1
[debug][lexical]  check list : paser_list[12]->status = -1
[debug][lexical]  check list : paser_list[13]->status = -1
[debug][lexical]  check list : paser_list[14]->status = -1
[debug][lexical]  check list : paser_list[15]->status = -1
[debug][lexical]  check list : paser_list[16]->status = -1
[debug][lexical]  check list : paser_list[17]->status = 1
[debug][lexical]  check list : end_count = 0
[debug][lexical]  check list : not_count = 17
[debug][lexical]  check list : count all = 18

[debug][lexical]  continue to paser

[info][lexical]  p = 'o'

[debug][lexical]  check list : paser_list[0]->status = -1
[debug][lexical]  check list : paser_list[1]->status = -1
[debug][lexical]  check list : paser_list[2]->status = -1
[debug][lexical]  check list : paser_list[3]->status = -1
[debug][lexical]  check list : paser_list[4]->status = -1
[debug][lexical]  check list : paser_list[5]->status = -1
[debug][lexical]  check list : paser_list[6]->status = -1
[debug][lexical]  check list : paser_list[7]->status = -1
[debug][lexical]  check list : paser_list[8]->status = -1
[debug][lexical]  check list : paser_list[9]->status = -1
[debug][lexical]  check list : paser_list[10]->status = -1
[debug][lexical]  check list : paser_list[11]->status = -1
[debug][lexical]  check list : paser_list[12]->status = -1
[debug][lexical]  check list : paser_list[13]->status = -1
[debug][lexical]  check list : paser_list[14]->status = -1
[debug][lexical]  check list : paser_list[15]->status = -1
[debug][lexical]  check list : paser_list[16]->status = -1
[debug][lexical]  check list : paser_list[17]->status = 1
[debug][lexical]  check list : end_count = 0
[debug][lexical]  check list : not_count = 17
[debug][lexical]  check list : count all = 18

[debug][lexical]  continue to paser

[info][lexical]  p = 'r'

[debug][lexical]  check list : paser_list[0]->status = -1
[debug][lexical]  check list : paser_list[1]->status = -1
[debug][lexical]  check list : paser_list[2]->status = -1
[debug][lexical]  check list : paser_list[3]->status = -1
[debug][lexical]  check list : paser_list[4]->status = -1
[debug][lexical]  check list : paser_list[5]->status = -1
[debug][lexical]  check list : paser_list[6]->status = -1
[debug][lexical]  check list : paser_list[7]->status = -1
[debug][lexical]  check list : paser_list[8]->status = -1
[debug][lexical]  check list : paser_list[9]->status = -1
[debug][lexical]  check list : paser_list[10]->status = -1
[debug][lexical]  check list : paser_list[11]->status = -1
[debug][lexical]  check list : paser_list[12]->status = -1
[debug][lexical]  check list : paser_list[13]->status = -1
[debug][lexical]  check list : paser_list[14]->status = -1
[debug][lexical]  check list : paser_list[15]->status = -1
[debug][lexical]  check list : paser_list[16]->status = -1
[debug][lexical]  check list : paser_list[17]->status = -3
[debug][lexical]  check list : end_count = 0
[debug][lexical]  check list : not_count = 17
[debug][lexical]  check list : count all = 18

[debug][lexical]  continue to paser

[info][lexical]  p = '('

[debug][lexical]  check list : paser_list[0]->status = -1
[debug][lexical]  check list : paser_list[1]->status = -1
[debug][lexical]  check list : paser_list[2]->status = -1
[debug][lexical]  check list : paser_list[3]->status = -1
[debug][lexical]  check list : paser_list[4]->status = -1
[debug][lexical]  check list : paser_list[5]->status = -1
[debug][lexical]  check list : paser_list[6]->status = -1
[debug][lexical]  check list : paser_list[7]->status = -1
[debug][lexical]  check list : paser_list[8]->status = -1
[debug][lexical]  check list : paser_list[9]->status = -1
[debug][lexical]  check list : paser_list[10]->status = -1
[debug][lexical]  check list : paser_list[11]->status = -1
[debug][lexical]  check list : paser_list[12]->status = -1
[debug][lexical]  check list : paser_list[13]->status = -1
[debug][lexical]  check list : paser_list[14]->status = -1
[debug][lexical]  check list : paser_list[15]->status = -1
[debug][lexical]  check list : paser_list[16]->status = -1
[debug][lexical]  check list : paser_list[17]->status = -2
[debug][lexical]  check list : end_count = 1
[debug][lexical]  check list : not_count = 17
[debug][lexical]  check list : count all = 18

[info][lexical]  back_p

[info][lexical]  get value = 'for' len = 3 from 17

[debug]token type = 17

[info][lexical]  set_start

[info][lexical]  p = '('

[debug][lexical]  check list : paser_list[0]->status = -1
[debug][lexical]  check list : paser_list[1]->status = -1
[debug][lexical]  check list : paser_list[2]->status = -1
[debug][lexical]  check list : paser_list[3]->status = -1
[debug][lexical]  check list : paser_list[4]->status = -1
[debug][lexical]  check list : paser_list[5]->status = -1
[debug][lexical]  check list : paser_list[6]->status = -1
[debug][lexical]  check list : paser_list[7]->status = -1
[debug][lexical]  check list : paser_list[8]->status = -3
[debug][lexical]  check list : paser_list[9]->status = -1
[debug][lexical]  check list : paser_list[10]->status = -1
[debug][lexical]  check list : paser_list[11]->status = -1
[debug][lexical]  check list : paser_list[12]->status = -1
[debug][lexical]  check list : paser_list[13]->status = -1
[debug][lexical]  check list : paser_list[14]->status = -1
[debug][lexical]  check list : paser_list[15]->status = -1
[debug][lexical]  check list : paser_list[16]->status = -1
[debug][lexical]  check list : paser_list[17]->status = -1
[debug][lexical]  check list : end_count = 0
[debug][lexical]  check list : not_count = 17
[debug][lexical]  check list : count all = 18

[debug][lexical]  continue to paser

[info][lexical]  p = ';'

[debug][lexical]  check list : paser_list[0]->status = -1
[debug][lexical]  check list : paser_list[1]->status = -1
[debug][lexical]  check list : paser_list[2]->status = -1
[debug][lexical]  check list : paser_list[3]->status = -1
[debug][lexical]  check list : paser_list[4]->status = -1
[debug][lexical]  check list : paser_list[5]->status = -1
[debug][lexical]  check list : paser_list[6]->status = -1
[debug][lexical]  check list : paser_list[7]->status = -1
[debug][lexical]  check list : paser_list[8]->status = -2
[debug][lexical]  check list : paser_list[9]->status = -1
[debug][lexical]  check list : paser_list[10]->status = -1
[debug][lexical]  check list : paser_list[11]->status = -1
[debug][lexical]  check list : paser_list[12]->status = -1
[debug][lexical]  check list : paser_list[13]->status = -1
[debug][lexical]  check list : paser_list[14]->status = -1
[debug][lexical]  check list : paser_list[15]->status = -1
[debug][lexical]  check list : paser_list[16]->status = -1
[debug][lexical]  check list : paser_list[17]->status = -1
[debug][lexical]  check list : end_count = 1
[debug][lexical]  check list : not_count = 17
[debug][lexical]  check list : count all = 18

[info][lexical]  back_p

[info][lexical]  get value = '(' len = 1 from 8

[debug]token type = 8

[info][lexical]  set_start

[info][lexical]  p = ';'

[debug][lexical]  check list : paser_list[0]->status = -1
[debug][lexical]  check list : paser_list[1]->status = -1
[debug][lexical]  check list : paser_list[2]->status = -1
[debug][lexical]  check list : paser_list[3]->status = -1
[debug][lexical]  check list : paser_list[4]->status = -1
[debug][lexical]  check list : paser_list[5]->status = -1
[debug][lexical]  check list : paser_list[6]->status = -1
[debug][lexical]  check list : paser_list[7]->status = -1
[debug][lexical]  check list : paser_list[8]->status = -1
[debug][lexical]  check list : paser_list[9]->status = -1
[debug][lexical]  check list : paser_list[10]->status = -1
[debug][lexical]  check list : paser_list[11]->status = -1
[debug][lexical]  check list : paser_list[12]->status = -1
[debug][lexical]  check list : paser_list[13]->status = -1
[debug][lexical]  check list : paser_list[14]->status = -1
[debug][lexical]  check list : paser_list[15]->status = -1
[debug][lexical]  check list : paser_list[16]->status = -3
[debug][lexical]  check list : paser_list[17]->status = -1
[debug][lexical]  check list : end_count = 0
[debug][lexical]  check list : not_count = 17
[debug][lexical]  check list : count all = 18

[debug][lexical]  continue to paser

[info][lexical]  p = '1'

[debug][lexical]  check list : paser_list[0]->status = -1
[debug][lexical]  check list : paser_list[1]->status = -1
[debug][lexical]  check list : paser_list[2]->status = -1
[debug][lexical]  check list : paser_list[3]->status = -1
[debug][lexical]  check list : paser_list[4]->status = -1
[debug][lexical]  check list : paser_list[5]->status = -1
[debug][lexical]  check list : paser_list[6]->status = -1
[debug][lexical]  check list : paser_list[7]->status = -1
[debug][lexical]  check list : paser_list[8]->status = -1
[debug][lexical]  check list : paser_list[9]->status = -1
[debug][lexical]  check list : paser_list[10]->status = -1
[debug][lexical]  check list : paser_list[11]->status = -1
[debug][lexical]  check list : paser_list[12]->status = -1
[debug][lexical]  check list : paser_list[13]->status = -1
[debug][lexical]  check list : paser_list[14]->status = -1
[debug][lexical]  check list : paser_list[15]->status = -1
[debug][lexical]  check list : paser_list[16]->status = -2
[debug][lexical]  check list : paser_list[17]->status = -1
[debug][lexical]  check list : end_count = 1
[debug][lexical]  check list : not_count = 17
[debug][lexical]  check list : count all = 18

[info][lexical]  back_p

[info][lexical]  get value = ';' len = 1 from 16

[debug]token type = 16

[info][lexical]  set_start

[info][lexical]  p = '1'

[debug][lexical]  check list : paser_list[0]->status = 1
[debug][lexical]  check list : paser_list[1]->status = 1
[debug][lexical]  check list : paser_list[2]->status = -1
[debug][lexical]  check list : paser_list[3]->status = -1
[debug][lexical]  check list : paser_list[4]->status = -1
[debug][lexical]  check list : paser_list[5]->status = -1
[debug][lexical]  check list : paser_list[6]->status = -1
[debug][lexical]  check list : paser_list[7]->status = -1
[debug][lexical]  check list : paser_list[8]->status = -1
[debug][lexical]  check list : paser_list[9]->status = -1
[debug][lexical]  check list : paser_list[10]->status = -1
[debug][lexical]  check list : paser_list[11]->status = -1
[debug][lexical]  check list : paser_list[12]->status = -1
[debug][lexical]  check list : paser_list[13]->status = -1
[debug][lexical]  check list : paser_list[14]->status = -1
[debug][lexical]  check list : paser_list[15]->status = -1
[debug][lexical]  check list : paser_list[16]->status = -1
[debug][lexical]  check list : paser_list[17]->status = -1
[debug][lexical]  check list : end_count = 0
[debug][lexical]  check list : not_count = 16
[debug][lexical]  check list : count all = 18

[debug][lexical]  continue to paser

[info][lexical]  p = '+'

[debug][lexical]  check list : paser_list[0]->status = -2
[debug][lexical]  check list : paser_list[1]->status = -1
[debug][lexical]  check list : paser_list[2]->status = -1
[debug][lexical]  check list : paser_list[3]->status = -1
[debug][lexical]  check list : paser_list[4]->status = -1
[debug][lexical]  check list : paser_list[5]->status = -1
[debug][lexical]  check list : paser_list[6]->status = -1
[debug][lexical]  check list : paser_list[7]->status = -1
[debug][lexical]  check list : paser_list[8]->status = -1
[debug][lexical]  check list : paser_list[9]->status = -1
[debug][lexical]  check list : paser_list[10]->status = -1
[debug][lexical]  check list : paser_list[11]->status = -1
[debug][lexical]  check list : paser_list[12]->status = -1
[debug][lexical]  check list : paser_list[13]->status = -1
[debug][lexical]  check list : paser_list[14]->status = -1
[debug][lexical]  check list : paser_list[15]->status = -1
[debug][lexical]  check list : paser_list[16]->status = -1
[debug][lexical]  check list : paser_list[17]->status = -1
[debug][lexical]  check list : end_count = 1
[debug][lexical]  check list : not_count = 17
[debug][lexical]  check list : count all = 18

[info][lexical]  back_p

[info][lexical]  get value = '1' len = 1 from 0

[debug]token type = 0

[info][lexical]  set_start

[info][lexical]  p = '+'

[debug][lexical]  check list : paser_list[0]->status = -1
[debug][lexical]  check list : paser_list[1]->status = -1
[debug][lexical]  check list : paser_list[2]->status = -1
[debug][lexical]  check list : paser_list[3]->status = -1
[debug][lexical]  check list : paser_list[4]->status = -3
[debug][lexical]  check list : paser_list[5]->status = -1
[debug][lexical]  check list : paser_list[6]->status = -1
[debug][lexical]  check list : paser_list[7]->status = -1
[debug][lexical]  check list : paser_list[8]->status = -1
[debug][lexical]  check list : paser_list[9]->status = -1
[debug][lexical]  check list : paser_list[10]->status = -1
[debug][lexical]  check list : paser_list[11]->status = -1
[debug][lexical]  check list : paser_list[12]->status = -1
[debug][lexical]  check list : paser_list[13]->status = -1
[debug][lexical]  check list : paser_list[14]->status = -1
[debug][lexical]  check list : paser_list[15]->status = -1
[debug][lexical]  check list : paser_list[16]->status = -1
[debug][lexical]  check list : paser_list[17]->status = -1
[debug][lexical]  check list : end_count = 0
[debug][lexical]  check list : not_count = 17
[debug][lexical]  check list : count all = 18

[debug][lexical]  continue to paser

[info][lexical]  p = '1'

[debug][lexical]  check list : paser_list[0]->status = -1
[debug][lexical]  check list : paser_list[1]->status = -1
[debug][lexical]  check list : paser_list[2]->status = -1
[debug][lexical]  check list : paser_list[3]->status = -1
[debug][lexical]  check list : paser_list[4]->status = -2
[debug][lexical]  check list : paser_list[5]->status = -1
[debug][lexical]  check list : paser_list[6]->status = -1
[debug][lexical]  check list : paser_list[7]->status = -1
[debug][lexical]  check list : paser_list[8]->status = -1
[debug][lexical]  check list : paser_list[9]->status = -1
[debug][lexical]  check list : paser_list[10]->status = -1
[debug][lexical]  check list : paser_list[11]->status = -1
[debug][lexical]  check list : paser_list[12]->status = -1
[debug][lexical]  check list : paser_list[13]->status = -1
[debug][lexical]  check list : paser_list[14]->status = -1
[debug][lexical]  check list : paser_list[15]->status = -1
[debug][lexical]  check list : paser_list[16]->status = -1
[debug][lexical]  check list : paser_list[17]->status = -1
[debug][lexical]  check list : end_count = 1
[debug][lexical]  check list : not_count = 17
[debug][lexical]  check list : count all = 18

[info][lexical]  back_p

[info][lexical]  get value = '+' len = 1 from 4

[debug]token type = 4

[info][lexical]  set_start

[info][lexical]  p = '1'

[debug][lexical]  check list : paser_list[0]->status = 1
[debug][lexical]  check list : paser_list[1]->status = 1
[debug][lexical]  check list : paser_list[2]->status = -1
[debug][lexical]  check list : paser_list[3]->status = -1
[debug][lexical]  check list : paser_list[4]->status = -1
[debug][lexical]  check list : paser_list[5]->status = -1
[debug][lexical]  check list : paser_list[6]->status = -1
[debug][lexical]  check list : paser_list[7]->status = -1
[debug][lexical]  check list : paser_list[8]->status = -1
[debug][lexical]  check list : paser_list[9]->status = -1
[debug][lexical]  check list : paser_list[10]->status = -1
[debug][lexical]  check list : paser_list[11]->status = -1
[debug][lexical]  check list : paser_list[12]->status = -1
[debug][lexical]  check list : paser_list[13]->status = -1
[debug][lexical]  check list : paser_list[14]->status = -1
[debug][lexical]  check list : paser_list[15]->status = -1
[debug][lexical]  check list : paser_list[16]->status = -1
[debug][lexical]  check list : paser_list[17]->status = -1
[debug][lexical]  check list : end_count = 0
[debug][lexical]  check list : not_count = 16
[debug][lexical]  check list : count all = 18

[debug][lexical]  continue to paser

[info][lexical]  p = ';'

[debug][lexical]  check list : paser_list[0]->status = -2
[debug][lexical]  check list : paser_list[1]->status = -1
[debug][lexical]  check list : paser_list[2]->status = -1
[debug][lexical]  check list : paser_list[3]->status = -1
[debug][lexical]  check list : paser_list[4]->status = -1
[debug][lexical]  check list : paser_list[5]->status = -1
[debug][lexical]  check list : paser_list[6]->status = -1
[debug][lexical]  check list : paser_list[7]->status = -1
[debug][lexical]  check list : paser_list[8]->status = -1
[debug][lexical]  check list : paser_list[9]->status = -1
[debug][lexical]  check list : paser_list[10]->status = -1
[debug][lexical]  check list : paser_list[11]->status = -1
[debug][lexical]  check list : paser_list[12]->status = -1
[debug][lexical]  check list : paser_list[13]->status = -1
[debug][lexical]  check list : paser_list[14]->status = -1
[debug][lexical]  check list : paser_list[15]->status = -1
[debug][lexical]  check list : paser_list[16]->status = -1
[debug][lexical]  check list : paser_list[17]->status = -1
[debug][lexical]  check list : end_count = 1
[debug][lexical]  check list : not_count = 17
[debug][lexical]  check list : count all = 18

[info][lexical]  back_p

[info][lexical]  get value = '1' len = 1 from 0

[debug]token type = 0

[info][lexical]  set_start

[info][lexical]  p = ';'

[debug][lexical]  check list : paser_list[0]->status = -1
[debug][lexical]  check list : paser_list[1]->status = -1
[debug][lexical]  check list : paser_list[2]->status = -1
[debug][lexical]  check list : paser_list[3]->status = -1
[debug][lexical]  check list : paser_list[4]->status = -1
[debug][lexical]  check list : paser_list[5]->status = -1
[debug][lexical]  check list : paser_list[6]->status = -1
[debug][lexical]  check list : paser_list[7]->status = -1
[debug][lexical]  check list : paser_list[8]->status = -1
[debug][lexical]  check list : paser_list[9]->status = -1
[debug][lexical]  check list : paser_list[10]->status = -1
[debug][lexical]  check list : paser_list[11]->status = -1
[debug][lexical]  check list : paser_list[12]->status = -1
[debug][lexical]  check list : paser_list[13]->status = -1
[debug][lexical]  check list : paser_list[14]->status = -1
[debug][lexical]  check list : paser_list[15]->status = -1
[debug][lexical]  check list : paser_list[16]->status = -3
[debug][lexical]  check list : paser_list[17]->status = -1
[debug][lexical]  check list : end_count = 0
[debug][lexical]  check list : not_count = 17
[debug][lexical]  check list : count all = 18

[debug][lexical]  continue to paser

[info][lexical]  p = '1'

[debug][lexical]  check list : paser_list[0]->status = -1
[debug][lexical]  check list : paser_list[1]->status = -1
[debug][lexical]  check list : paser_list[2]->status = -1
[debug][lexical]  check list : paser_list[3]->status = -1
[debug][lexical]  check list : paser_list[4]->status = -1
[debug][lexical]  check list : paser_list[5]->status = -1
[debug][lexical]  check list : paser_list[6]->status = -1
[debug][lexical]  check list : paser_list[7]->status = -1
[debug][lexical]  check list : paser_list[8]->status = -1
[debug][lexical]  check list : paser_list[9]->status = -1
[debug][lexical]  check list : paser_list[10]->status = -1
[debug][lexical]  check list : paser_list[11]->status = -1
[debug][lexical]  check list : paser_list[12]->status = -1
[debug][lexical]  check list : paser_list[13]->status = -1
[debug][lexical]  check list : paser_list[14]->status = -1
[debug][lexical]  check list : paser_list[15]->status = -1
[debug][lexical]  check list : paser_list[16]->status = -2
[debug][lexical]  check list : paser_list[17]->status = -1
[debug][lexical]  check list : end_count = 1
[debug][lexical]  check list : not_count = 17
[debug][lexical]  check list : count all = 18

[info][lexical]  back_p

[info][lexical]  get value = ';' len = 1 from 16

[debug]token type = 16

[info][lexical]  set_start

[info][lexical]  p = '1'

[debug][lexical]  check list : paser_list[0]->status = 1
[debug][lexical]  check list : paser_list[1]->status = 1
[debug][lexical]  check list : paser_list[2]->status = -1
[debug][lexical]  check list : paser_list[3]->status = -1
[debug][lexical]  check list : paser_list[4]->status = -1
[debug][lexical]  check list : paser_list[5]->status = -1
[debug][lexical]  check list : paser_list[6]->status = -1
[debug][lexical]  check list : paser_list[7]->status = -1
[debug][lexical]  check list : paser_list[8]->status = -1
[debug][lexical]  check list : paser_list[9]->status = -1
[debug][lexical]  check list : paser_list[10]->status = -1
[debug][lexical]  check list : paser_list[11]->status = -1
[debug][lexical]  check list : paser_list[12]->status = -1
[debug][lexical]  check list : paser_list[13]->status = -1
[debug][lexical]  check list : paser_list[14]->status = -1
[debug][lexical]  check list : paser_list[15]->status = -1
[debug][lexical]  check list : paser_list[16]->status = -1
[debug][lexical]  check list : paser_list[17]->status = -1
[debug][lexical]  check list : end_count = 0
[debug][lexical]  check list : not_count = 16
[debug][lexical]  check list : count all = 18

[debug][lexical]  continue to paser

[info][lexical]  p = '+'

[debug][lexical]  check list : paser_list[0]->status = -2
[debug][lexical]  check list : paser_list[1]->status = -1
[debug][lexical]  check list : paser_list[2]->status = -1
[debug][lexical]  check list : paser_list[3]->status = -1
[debug][lexical]  check list : paser_list[4]->status = -1
[debug][lexical]  check list : paser_list[5]->status = -1
[debug][lexical]  check list : paser_list[6]->status = -1
[debug][lexical]  check list : paser_list[7]->status = -1
[debug][lexical]  check list : paser_list[8]->status = -1
[debug][lexical]  check list : paser_list[9]->status = -1
[debug][lexical]  check list : paser_list[10]->status = -1
[debug][lexical]  check list : paser_list[11]->status = -1
[debug][lexical]  check list : paser_list[12]->status = -1
[debug][lexical]  check list : paser_list[13]->status = -1
[debug][lexical]  check list : paser_list[14]->status = -1
[debug][lexical]  check list : paser_list[15]->status = -1
[debug][lexical]  check list : paser_list[16]->status = -1
[debug][lexical]  check list : paser_list[17]->status = -1
[debug][lexical]  check list : end_count = 1
[debug][lexical]  check list : not_count = 17
[debug][lexical]  check list : count all = 18

[info][lexical]  back_p

[info][lexical]  get value = '1' len = 1 from 0

[debug]token type = 0

[info][lexical]  set_start

[info][lexical]  p = '+'

[debug][lexical]  check list : paser_list[0]->status = -1
[debug][lexical]  check list : paser_list[1]->status = -1
[debug][lexical]  check list : paser_list[2]->status = -1
[debug][lexical]  check list : paser_list[3]->status = -1
[debug][lexical]  check list : paser_list[4]->status = -3
[debug][lexical]  check list : paser_list[5]->status = -1
[debug][lexical]  check list : paser_list[6]->status = -1
[debug][lexical]  check list : paser_list[7]->status = -1
[debug][lexical]  check list : paser_list[8]->status = -1
[debug][lexical]  check list : paser_list[9]->status = -1
[debug][lexical]  check list : paser_list[10]->status = -1
[debug][lexical]  check list : paser_list[11]->status = -1
[debug][lexical]  check list : paser_list[12]->status = -1
[debug][lexical]  check list : paser_list[13]->status = -1
[debug][lexical]  check list : paser_list[14]->status = -1
[debug][lexical]  check list : paser_list[15]->status = -1
[debug][lexical]  check list : paser_list[16]->status = -1
[debug][lexical]  check list : paser_list[17]->status = -1
[debug][lexical]  check list : end_count = 0
[debug][lexical]  check list : not_count = 17
[debug][lexical]  check list : count all = 18

[debug][lexical]  continue to paser

[info][lexical]  p = '1'

[debug][lexical]  check list : paser_list[0]->status = -1
[debug][lexical]  check list : paser_list[1]->status = -1
[debug][lexical]  check list : paser_list[2]->status = -1
[debug][lexical]  check list : paser_list[3]->status = -1
[debug][lexical]  check list : paser_list[4]->status = -2
[debug][lexical]  check list : paser_list[5]->status = -1
[debug][lexical]  check list : paser_list[6]->status = -1
[debug][lexical]  check list : paser_list[7]->status = -1
[debug][lexical]  check list : paser_list[8]->status = -1
[debug][lexical]  check list : paser_list[9]->status = -1
[debug][lexical]  check list : paser_list[10]->status = -1
[debug][lexical]  check list : paser_list[11]->status = -1
[debug][lexical]  check list : paser_list[12]->status = -1
[debug][lexical]  check list : paser_list[13]->status = -1
[debug][lexical]  check list : paser_list[14]->status = -1
[debug][lexical]  check list : paser_list[15]->status = -1
[debug][lexical]  check list : paser_list[16]->status = -1
[debug][lexical]  check list : paser_list[17]->status = -1
[debug][lexical]  check list : end_count = 1
[debug][lexical]  check list : not_count = 17
[debug][lexical]  check list : count all = 18

[info][lexical]  back_p

[info][lexical]  get value = '+' len = 1 from 4

[debug]token type = 4

[info][lexical]  set_start

[info][lexical]  p = '1'

[debug][lexical]  check list : paser_list[0]->status = 1
[debug][lexical]  check list : paser_list[1]->status = 1
[debug][lexical]  check list : paser_list[2]->status = -1
[debug][lexical]  check list : paser_list[3]->status = -1
[debug][lexical]  check list : paser_list[4]->status = -1
[debug][lexical]  check list : paser_list[5]->status = -1
[debug][lexical]  check list : paser_list[6]->status = -1
[debug][lexical]  check list : paser_list[7]->status = -1
[debug][lexical]  check list : paser_list[8]->status = -1
[debug][lexical]  check list : paser_list[9]->status = -1
[debug][lexical]  check list : paser_list[10]->status = -1
[debug][lexical]  check list : paser_list[11]->status = -1
[debug][lexical]  check list : paser_list[12]->status = -1
[debug][lexical]  check list : paser_list[13]->status = -1
[debug][lexical]  check list : paser_list[14]->status = -1
[debug][lexical]  check list : paser_list[15]->status = -1
[debug][lexical]  check list : paser_list[16]->status = -1
[debug][lexical]  check list : paser_list[17]->status = -1
[debug][lexical]  check list : end_count = 0
[debug][lexical]  check list : not_count = 16
[debug][lexical]  check list : count all = 18

[debug][lexical]  continue to paser

[info][lexical]  p = ')'

[debug][lexical]  check list : paser_list[0]->status = -2
[debug][lexical]  check list : paser_list[1]->status = -1
[debug][lexical]  check list : paser_list[2]->status = -1
[debug][lexical]  check list : paser_list[3]->status = -1
[debug][lexical]  check list : paser_list[4]->status = -1
[debug][lexical]  check list : paser_list[5]->status = -1
[debug][lexical]  check list : paser_list[6]->status = -1
[debug][lexical]  check list : paser_list[7]->status = -1
[debug][lexical]  check list : paser_list[8]->status = -1
[debug][lexical]  check list : paser_list[9]->status = -1
[debug][lexical]  check list : paser_list[10]->status = -1
[debug][lexical]  check list : paser_list[11]->status = -1
[debug][lexical]  check list : paser_list[12]->status = -1
[debug][lexical]  check list : paser_list[13]->status = -1
[debug][lexical]  check list : paser_list[14]->status = -1
[debug][lexical]  check list : paser_list[15]->status = -1
[debug][lexical]  check list : paser_list[16]->status = -1
[debug][lexical]  check list : paser_list[17]->status = -1
[debug][lexical]  check list : end_count = 1
[debug][lexical]  check list : not_count = 17
[debug][lexical]  check list : count all = 18

[info][lexical]  back_p

[info][lexical]  get value = '1' len = 1 from 0

[debug]token type = 0

[info][lexical]  set_start

[info][lexical]  p = ')'

[debug][lexical]  check list : paser_list[0]->status = -1
[debug][lexical]  check list : paser_list[1]->status = -1
[debug][lexical]  check list : paser_list[2]->status = -1
[debug][lexical]  check list : paser_list[3]->status = -1
[debug][lexical]  check list : paser_list[4]->status = -1
[debug][lexical]  check list : paser_list[5]->status = -1
[debug][lexical]  check list : paser_list[6]->status = -1
[debug][lexical]  check list : paser_list[7]->status = -1
[debug][lexical]  check list : paser_list[8]->status = -1
[debug][lexical]  check list : paser_list[9]->status = -3
[debug][lexical]  check list : paser_list[10]->status = -1
[debug][lexical]  check list : paser_list[11]->status = -1
[debug][lexical]  check list : paser_list[12]->status = -1
[debug][lexical]  check list : paser_list[13]->status = -1
[debug][lexical]  check list : paser_list[14]->status = -1
[debug][lexical]  check list : paser_list[15]->status = -1
[debug][lexical]  check list : paser_list[16]->status = -1
[debug][lexical]  check list : paser_list[17]->status = -1
[debug][lexical]  check list : end_count = 0
[debug][lexical]  check list : not_count = 17
[debug][lexical]  check list : count all = 18

[debug][lexical]  continue to paser

[info][lexical]  p = '{'

[debug][lexical]  check list : paser_list[0]->status = -1
[debug][lexical]  check list : paser_list[1]->status = -1
[debug][lexical]  check list : paser_list[2]->status = -1
[debug][lexical]  check list : paser_list[3]->status = -1
[debug][lexical]  check list : paser_list[4]->status = -1
[debug][lexical]  check list : paser_list[5]->status = -1
[debug][lexical]  check list : paser_list[6]->status = -1
[debug][lexical]  check list : paser_list[7]->status = -1
[debug][lexical]  check list : paser_list[8]->status = -1
[debug][lexical]  check list : paser_list[9]->status = -2
[debug][lexical]  check list : paser_list[10]->status = -1
[debug][lexical]  check list : paser_list[11]->status = -1
[debug][lexical]  check list : paser_list[12]->status = -1
[debug][lexical]  check list : paser_list[13]->status = -1
[debug][lexical]  check list : paser_list[14]->status = -1
[debug][lexical]  check list : paser_list[15]->status = -1
[debug][lexical]  check list : paser_list[16]->status = -1
[debug][lexical]  check list : paser_list[17]->status = -1
[debug][lexical]  check list : end_count = 1
[debug][lexical]  check list : not_count = 17
[debug][lexical]  check list : count all = 18

[info][lexical]  back_p

[info][lexical]  get value = ')' len = 1 from 9

[debug]token type = 9

[info][lexical]  set_start

[info][lexical]  p = '{'

[debug][lexical]  check list : paser_list[0]->status = -1
[debug][lexical]  check list : paser_list[1]->status = -1
[debug][lexical]  check list : paser_list[2]->status = -1
[debug][lexical]  check list : paser_list[3]->status = -1
[debug][lexical]  check list : paser_list[4]->status = -1
[debug][lexical]  check list : paser_list[5]->status = -1
[debug][lexical]  check list : paser_list[6]->status = -1
[debug][lexical]  check list : paser_list[7]->status = -1
[debug][lexical]  check list : paser_list[8]->status = -1
[debug][lexical]  check list : paser_list[9]->status = -1
[debug][lexical]  check list : paser_list[10]->status = -1
[debug][lexical]  check list : paser_list[11]->status = -3
[debug][lexical]  check list : paser_list[12]->status = -1
[debug][lexical]  check list : paser_list[13]->status = -1
[debug][lexical]  check list : paser_list[14]->status = -1
[debug][lexical]  check list : paser_list[15]->status = -1
[debug][lexical]  check list : paser_list[16]->status = -1
[debug][lexical]  check list : paser_list[17]->status = -1
[debug][lexical]  check list : end_count = 0
[debug][lexical]  check list : not_count = 17
[debug][lexical]  check list : count all = 18

[debug][lexical]  continue to paser

[info][lexical]  p = <Enter>

[debug][lexical]  check list : paser_list[0]->status = -1
[debug][lexical]  check list : paser_list[1]->status = -1
[debug][lexical]  check list : paser_list[2]->status = -1
[debug][lexical]  check list : paser_list[3]->status = -1
[debug][lexical]  check list : paser_list[4]->status = -1
[debug][lexical]  check list : paser_list[5]->status = -1
[debug][lexical]  check list : paser_list[6]->status = -1
[debug][lexical]  check list : paser_list[7]->status = -1
[debug][lexical]  check list : paser_list[8]->status = -1
[debug][lexical]  check list : paser_list[9]->status = -1
[debug][lexical]  check list : paser_list[10]->status = -1
[debug][lexical]  check list : paser_list[11]->status = -2
[debug][lexical]  check list : paser_list[12]->status = -1
[debug][lexical]  check list : paser_list[13]->status = -1
[debug][lexical]  check list : paser_list[14]->status = -1
[debug][lexical]  check list : paser_list[15]->status = -1
[debug][lexical]  check list : paser_list[16]->status = -1
[debug][lexical]  check list : paser_list[17]->status = -1
[debug][lexical]  check list : end_count = 1
[debug][lexical]  check list : not_count = 17
[debug][lexical]  check list : count all = 18

[info][lexical]  back_p

[info][lexical]  get value = '{' len = 1 from 11

[debug]token type = 11

[info][lexical]  set_start

[info][lexical]  p = <Enter>

[debug][lexical]  check list : paser_list[0]->status = -1
[debug][lexical]  check list : paser_list[1]->status = -1
[debug][lexical]  check list : paser_list[2]->status = -3
[debug][lexical]  check list : paser_list[3]->status = -1
[debug][lexical]  check list : paser_list[4]->status = -1
[debug][lexical]  check list : paser_list[5]->status = -1
[debug][lexical]  check list : paser_list[6]->status = -1
[debug][lexical]  check list : paser_list[7]->status = -1
[debug][lexical]  check list : paser_list[8]->status = -1
[debug][lexical]  check list : paser_list[9]->status = -1
[debug][lexical]  check list : paser_list[10]->status = -1
[debug][lexical]  check list : paser_list[11]->status = -1
[debug][lexical]  check list : paser_list[12]->status = -1
[debug][lexical]  check list : paser_list[13]->status = -1
[debug][lexical]  check list : paser_list[14]->status = -1
[debug][lexical]  check list : paser_list[15]->status = -1
[debug][lexical]  check list : paser_list[16]->status = -1
[debug][lexical]  check list : paser_list[17]->status = -1
[debug][lexical]  check list : end_count = 0
[debug][lexical]  check list : not_count = 17
[debug][lexical]  check list : count all = 18

[debug][lexical]  continue to paser

[info][lexical]  p = '1'

[debug][lexical]  check list : paser_list[0]->status = -1
[debug][lexical]  check list : paser_list[1]->status = -1
[debug][lexical]  check list : paser_list[2]->status = -2
[debug][lexical]  check list : paser_list[3]->status = -1
[debug][lexical]  check list : paser_list[4]->status = -1
[debug][lexical]  check list : paser_list[5]->status = -1
[debug][lexical]  check list : paser_list[6]->status = -1
[debug][lexical]  check list : paser_list[7]->status = -1
[debug][lexical]  check list : paser_list[8]->status = -1
[debug][lexical]  check list : paser_list[9]->status = -1
[debug][lexical]  check list : paser_list[10]->status = -1
[debug][lexical]  check list : paser_list[11]->status = -1
[debug][lexical]  check list : paser_list[12]->status = -1
[debug][lexical]  check list : paser_list[13]->status = -1
[debug][lexical]  check list : paser_list[14]->status = -1
[debug][lexical]  check list : paser_list[15]->status = -1
[debug][lexical]  check list : paser_list[16]->status = -1
[debug][lexical]  check list : paser_list[17]->status = -1
[debug][lexical]  check list : end_count = 1
[debug][lexical]  check list : not_count = 17
[debug][lexical]  check list : count all = 18

[info][lexical]  back_p

[info][lexical]  get value = '
' len = 1 from 2

[debug]token type = 2

[info][lexical]  set_start

[info][lexical]  p = '1'

[debug][lexical]  check list : paser_list[0]->status = 1
[debug][lexical]  check list : paser_list[1]->status = 1
[debug][lexical]  check list : paser_list[2]->status = -1
[debug][lexical]  check list : paser_list[3]->status = -1
[debug][lexical]  check list : paser_list[4]->status = -1
[debug][lexical]  check list : paser_list[5]->status = -1
[debug][lexical]  check list : paser_list[6]->status = -1
[debug][lexical]  check list : paser_list[7]->status = -1
[debug][lexical]  check list : paser_list[8]->status = -1
[debug][lexical]  check list : paser_list[9]->status = -1
[debug][lexical]  check list : paser_list[10]->status = -1
[debug][lexical]  check list : paser_list[11]->status = -1
[debug][lexical]  check list : paser_list[12]->status = -1
[debug][lexical]  check list : paser_list[13]->status = -1
[debug][lexical]  check list : paser_list[14]->status = -1
[debug][lexical]  check list : paser_list[15]->status = -1
[debug][lexical]  check list : paser_list[16]->status = -1
[debug][lexical]  check list : paser_list[17]->status = -1
[debug][lexical]  check list : end_count = 0
[debug][lexical]  check list : not_count = 16
[debug][lexical]  check list : count all = 18

[debug][lexical]  continue to paser

[info][lexical]  p = '0'

[debug][lexical]  check list : paser_list[0]->status = 1
[debug][lexical]  check list : paser_list[1]->status = 1
[debug][lexical]  check list : paser_list[2]->status = -1
[debug][lexical]  check list : paser_list[3]->status = -1
[debug][lexical]  check list : paser_list[4]->status = -1
[debug][lexical]  check list : paser_list[5]->status = -1
[debug][lexical]  check list : paser_list[6]->status = -1
[debug][lexical]  check list : paser_list[7]->status = -1
[debug][lexical]  check list : paser_list[8]->status = -1
[debug][lexical]  check list : paser_list[9]->status = -1
[debug][lexical]  check list : paser_list[10]->status = -1
[debug][lexical]  check list : paser_list[11]->status = -1
[debug][lexical]  check list : paser_list[12]->status = -1
[debug][lexical]  check list : paser_list[13]->status = -1
[debug][lexical]  check list : paser_list[14]->status = -1
[debug][lexical]  check list : paser_list[15]->status = -1
[debug][lexical]  check list : paser_list[16]->status = -1
[debug][lexical]  check list : paser_list[17]->status = -1
[debug][lexical]  check list : end_count = 0
[debug][lexical]  check list : not_count = 16
[debug][lexical]  check list : count all = 18

[debug][lexical]  continue to paser

[info][lexical]  p = '0'

[debug][lexical]  check list : paser_list[0]->status = 1
[debug][lexical]  check list : paser_list[1]->status = 1
[debug][lexical]  check list : paser_list[2]->status = -1
[debug][lexical]  check list : paser_list[3]->status = -1
[debug][lexical]  check list : paser_list[4]->status = -1
[debug][lexical]  check list : paser_list[5]->status = -1
[debug][lexical]  check list : paser_list[6]->status = -1
[debug][lexical]  check list : paser_list[7]->status = -1
[debug][lexical]  check list : paser_list[8]->status = -1
[debug][lexical]  check list : paser_list[9]->status = -1
[debug][lexical]  check list : paser_list[10]->status = -1
[debug][lexical]  check list : paser_list[11]->status = -1
[debug][lexical]  check list : paser_list[12]->status = -1
[debug][lexical]  check list : paser_list[13]->status = -1
[debug][lexical]  check list : paser_list[14]->status = -1
[debug][lexical]  check list : paser_list[15]->status = -1
[debug][lexical]  check list : paser_list[16]->status = -1
[debug][lexical]  check list : paser_list[17]->status = -1
[debug][lexical]  check list : end_count = 0
[debug][lexical]  check list : not_count = 16
[debug][lexical]  check list : count all = 18

[debug][lexical]  continue to paser

[info][lexical]  p = ' '

[debug][lexical]  check list : paser_list[0]->status = -2
[debug][lexical]  check list : paser_list[1]->status = -1
[debug][lexical]  check list : paser_list[2]->status = -1
[debug][lexical]  check list : paser_list[3]->status = -1
[debug][lexical]  check list : paser_list[4]->status = -1
[debug][lexical]  check list : paser_list[5]->status = -1
[debug][lexical]  check list : paser_list[6]->status = -1
[debug][lexical]  check list : paser_list[7]->status = -1
[debug][lexical]  check list : paser_list[8]->status = -1
[debug][lexical]  check list : paser_list[9]->status = -1
[debug][lexical]  check list : paser_list[10]->status = -1
[debug][lexical]  check list : paser_list[11]->status = -1
[debug][lexical]  check list : paser_list[12]->status = -1
[debug][lexical]  check list : paser_list[13]->status = -1
[debug][lexical]  check list : paser_list[14]->status = -1
[debug][lexical]  check list : paser_list[15]->status = -1
[debug][lexical]  check list : paser_list[16]->status = -1
[debug][lexical]  check list : paser_list[17]->status = -1
[debug][lexical]  check list : end_count = 1
[debug][lexical]  check list : not_count = 17
[debug][lexical]  check list : count all = 18

[info][lexical]  back_p

[info][lexical]  get value = '100' len = 3 from 0

[debug]token type = 0

[info][lexical]  set_start

[info][lexical]  p = ' '

[debug][lexical]  check list : paser_list[0]->status = -1
[debug][lexical]  check list : paser_list[1]->status = -1
[debug][lexical]  check list : paser_list[2]->status = -1
[debug][lexical]  check list : paser_list[3]->status = -3
[debug][lexical]  check list : paser_list[4]->status = -1
[debug][lexical]  check list : paser_list[5]->status = -1
[debug][lexical]  check list : paser_list[6]->status = -1
[debug][lexical]  check list : paser_list[7]->status = -1
[debug][lexical]  check list : paser_list[8]->status = -1
[debug][lexical]  check list : paser_list[9]->status = -1
[debug][lexical]  check list : paser_list[10]->status = -1
[debug][lexical]  check list : paser_list[11]->status = -1
[debug][lexical]  check list : paser_list[12]->status = -1
[debug][lexical]  check list : paser_list[13]->status = -1
[debug][lexical]  check list : paser_list[14]->status = -1
[debug][lexical]  check list : paser_list[15]->status = -1
[debug][lexical]  check list : paser_list[16]->status = -1
[debug][lexical]  check list : paser_list[17]->status = -1
[debug][lexical]  check list : end_count = 0
[debug][lexical]  check list : not_count = 17
[debug][lexical]  check list : count all = 18

[debug][lexical]  continue to paser

[info][lexical]  p = '*'

[debug][lexical]  check list : paser_list[0]->status = -1
[debug][lexical]  check list : paser_list[1]->status = -1
[debug][lexical]  check list : paser_list[2]->status = -1
[debug][lexical]  check list : paser_list[3]->status = -2
[debug][lexical]  check list : paser_list[4]->status = -1
[debug][lexical]  check list : paser_list[5]->status = -1
[debug][lexical]  check list : paser_list[6]->status = -1
[debug][lexical]  check list : paser_list[7]->status = -1
[debug][lexical]  check list : paser_list[8]->status = -1
[debug][lexical]  check list : paser_list[9]->status = -1
[debug][lexical]  check list : paser_list[10]->status = -1
[debug][lexical]  check list : paser_list[11]->status = -1
[debug][lexical]  check list : paser_list[12]->status = -1
[debug][lexical]  check list : paser_list[13]->status = -1
[debug][lexical]  check list : paser_list[14]->status = -1
[debug][lexical]  check list : paser_list[15]->status = -1
[debug][lexical]  check list : paser_list[16]->status = -1
[debug][lexical]  check list : paser_list[17]->status = -1
[debug][lexical]  check list : end_count = 1
[debug][lexical]  check list : not_count = 17
[debug][lexical]  check list : count all = 18

[info][lexical]  back_p

[info][lexical]  get value = ' ' len = 1 from 3

[info][lexical]  set_start

[info][lexical]  p = '*'

[debug][lexical]  check list : paser_list[0]->status = -1
[debug][lexical]  check list : paser_list[1]->status = -1
[debug][lexical]  check list : paser_list[2]->status = -1
[debug][lexical]  check list : paser_list[3]->status = -1
[debug][lexical]  check list : paser_list[4]->status = -1
[debug][lexical]  check list : paser_list[5]->status = -1
[debug][lexical]  check list : paser_list[6]->status = -3
[debug][lexical]  check list : paser_list[7]->status = -1
[debug][lexical]  check list : paser_list[8]->status = -1
[debug][lexical]  check list : paser_list[9]->status = -1
[debug][lexical]  check list : paser_list[10]->status = -1
[debug][lexical]  check list : paser_list[11]->status = -1
[debug][lexical]  check list : paser_list[12]->status = -1
[debug][lexical]  check list : paser_list[13]->status = -1
[debug][lexical]  check list : paser_list[14]->status = -1
[debug][lexical]  check list : paser_list[15]->status = -1
[debug][lexical]  check list : paser_list[16]->status = -1
[debug][lexical]  check list : paser_list[17]->status = -1
[debug][lexical]  check list : end_count = 0
[debug][lexical]  check list : not_count = 17
[debug][lexical]  check list : count all = 18

[debug][lexical]  continue to paser

[info][lexical]  p = ' '

[debug][lexical]  check list : paser_list[0]->status = -1
[debug][lexical]  check list : paser_list[1]->status = -1
[debug][lexical]  check list : paser_list[2]->status = -1
[debug][lexical]  check list : paser_list[3]->status = -1
[debug][lexical]  check list : paser_list[4]->status = -1
[debug][lexical]  check list : paser_list[5]->status = -1
[debug][lexical]  check list : paser_list[6]->status = -2
[debug][lexical]  check list : paser_list[7]->status = -1
[debug][lexical]  check list : paser_list[8]->status = -1
[debug][lexical]  check list : paser_list[9]->status = -1
[debug][lexical]  check list : paser_list[10]->status = -1
[debug][lexical]  check list : paser_list[11]->status = -1
[debug][lexical]  check list : paser_list[12]->status = -1
[debug][lexical]  check list : paser_list[13]->status = -1
[debug][lexical]  check list : paser_list[14]->status = -1
[debug][lexical]  check list : paser_list[15]->status = -1
[debug][lexical]  check list : paser_list[16]->status = -1
[debug][lexical]  check list : paser_list[17]->status = -1
[debug][lexical]  check list : end_count = 1
[debug][lexical]  check list : not_count = 17
[debug][lexical]  check list : count all = 18

[info][lexical]  back_p

[info][lexical]  get value = '*' len = 1 from 6

[debug]token type = 6

[info][lexical]  set_start

[info][lexical]  p = ' '

[debug][lexical]  check list : paser_list[0]->status = -1
[debug][lexical]  check list : paser_list[1]->status = -1
[debug][lexical]  check list : paser_list[2]->status = -1
[debug][lexical]  check list : paser_list[3]->status = -3
[debug][lexical]  check list : paser_list[4]->status = -1
[debug][lexical]  check list : paser_list[5]->status = -1
[debug][lexical]  check list : paser_list[6]->status = -1
[debug][lexical]  check list : paser_list[7]->status = -1
[debug][lexical]  check list : paser_list[8]->status = -1
[debug][lexical]  check list : paser_list[9]->status = -1
[debug][lexical]  check list : paser_list[10]->status = -1
[debug][lexical]  check list : paser_list[11]->status = -1
[debug][lexical]  check list : paser_list[12]->status = -1
[debug][lexical]  check list : paser_list[13]->status = -1
[debug][lexical]  check list : paser_list[14]->status = -1
[debug][lexical]  check list : paser_list[15]->status = -1
[debug][lexical]  check list : paser_list[16]->status = -1
[debug][lexical]  check list : paser_list[17]->status = -1
[debug][lexical]  check list : end_count = 0
[debug][lexical]  check list : not_count = 17
[debug][lexical]  check list : count all = 18

[debug][lexical]  continue to paser

[info][lexical]  p = '3'

[debug][lexical]  check list : paser_list[0]->status = -1
[debug][lexical]  check list : paser_list[1]->status = -1
[debug][lexical]  check list : paser_list[2]->status = -1
[debug][lexical]  check list : paser_list[3]->status = -2
[debug][lexical]  check list : paser_list[4]->status = -1
[debug][lexical]  check list : paser_list[5]->status = -1
[debug][lexical]  check list : paser_list[6]->status = -1
[debug][lexical]  check list : paser_list[7]->status = -1
[debug][lexical]  check list : paser_list[8]->status = -1
[debug][lexical]  check list : paser_list[9]->status = -1
[debug][lexical]  check list : paser_list[10]->status = -1
[debug][lexical]  check list : paser_list[11]->status = -1
[debug][lexical]  check list : paser_list[12]->status = -1
[debug][lexical]  check list : paser_list[13]->status = -1
[debug][lexical]  check list : paser_list[14]->status = -1
[debug][lexical]  check list : paser_list[15]->status = -1
[debug][lexical]  check list : paser_list[16]->status = -1
[debug][lexical]  check list : paser_list[17]->status = -1
[debug][lexical]  check list : end_count = 1
[debug][lexical]  check list : not_count = 17
[debug][lexical]  check list : count all = 18

[info][lexical]  back_p

[info][lexical]  get value = ' ' len = 1 from 3

[info][lexical]  set_start

[info][lexical]  p = '3'

[debug][lexical]  check list : paser_list[0]->status = 1
[debug][lexical]  check list : paser_list[1]->status = 1
[debug][lexical]  check list : paser_list[2]->status = -1
[debug][lexical]  check list : paser_list[3]->status = -1
[debug][lexical]  check list : paser_list[4]->status = -1
[debug][lexical]  check list : paser_list[5]->status = -1
[debug][lexical]  check list : paser_list[6]->status = -1
[debug][lexical]  check list : paser_list[7]->status = -1
[debug][lexical]  check list : paser_list[8]->status = -1
[debug][lexical]  check list : paser_list[9]->status = -1
[debug][lexical]  check list : paser_list[10]->status = -1
[debug][lexical]  check list : paser_list[11]->status = -1
[debug][lexical]  check list : paser_list[12]->status = -1
[debug][lexical]  check list : paser_list[13]->status = -1
[debug][lexical]  check list : paser_list[14]->status = -1
[debug][lexical]  check list : paser_list[15]->status = -1
[debug][lexical]  check list : paser_list[16]->status = -1
[debug][lexical]  check list : paser_list[17]->status = -1
[debug][lexical]  check list : end_count = 0
[debug][lexical]  check list : not_count = 16
[debug][lexical]  check list : count all = 18

[debug][lexical]  continue to paser

[info][lexical]  p = <Enter>

[debug][lexical]  check list : paser_list[0]->status = -2
[debug][lexical]  check list : paser_list[1]->status = -1
[debug][lexical]  check list : paser_list[2]->status = -1
[debug][lexical]  check list : paser_list[3]->status = -1
[debug][lexical]  check list : paser_list[4]->status = -1
[debug][lexical]  check list : paser_list[5]->status = -1
[debug][lexical]  check list : paser_list[6]->status = -1
[debug][lexical]  check list : paser_list[7]->status = -1
[debug][lexical]  check list : paser_list[8]->status = -1
[debug][lexical]  check list : paser_list[9]->status = -1
[debug][lexical]  check list : paser_list[10]->status = -1
[debug][lexical]  check list : paser_list[11]->status = -1
[debug][lexical]  check list : paser_list[12]->status = -1
[debug][lexical]  check list : paser_list[13]->status = -1
[debug][lexical]  check list : paser_list[14]->status = -1
[debug][lexical]  check list : paser_list[15]->status = -1
[debug][lexical]  check list : paser_list[16]->status = -1
[debug][lexical]  check list : paser_list[17]->status = -1
[debug][lexical]  check list : end_count = 1
[debug][lexical]  check list : not_count = 17
[debug][lexical]  check list : count all = 18

[info][lexical]  back_p

[info][lexical]  get value = '3' len = 1 from 0

[debug]token type = 0

[info][lexical]  set_start

[info][lexical]  p = <Enter>

[debug][lexical]  check list : paser_list[0]->status = -1
[debug][lexical]  check list : paser_list[1]->status = -1
[debug][lexical]  check list : paser_list[2]->status = -3
[debug][lexical]  check list : paser_list[3]->status = -1
[debug][lexical]  check list : paser_list[4]->status = -1
[debug][lexical]  check list : paser_list[5]->status = -1
[debug][lexical]  check list : paser_list[6]->status = -1
[debug][lexical]  check list : paser_list[7]->status = -1
[debug][lexical]  check list : paser_list[8]->status = -1
[debug][lexical]  check list : paser_list[9]->status = -1
[debug][lexical]  check list : paser_list[10]->status = -1
[debug][lexical]  check list : paser_list[11]->status = -1
[debug][lexical]  check list : paser_list[12]->status = -1
[debug][lexical]  check list : paser_list[13]->status = -1
[debug][lexical]  check list : paser_list[14]->status = -1
[debug][lexical]  check list : paser_list[15]->status = -1
[debug][lexical]  check list : paser_list[16]->status = -1
[debug][lexical]  check list : paser_list[17]->status = -1
[debug][lexical]  check list : end_count = 0
[debug][lexical]  check list : not_count = 17
[debug][lexical]  check list : count all = 18

[debug][lexical]  continue to paser

[info][lexical]  p = '}'

[debug][lexical]  check list : paser_list[0]->status = -1
[debug][lexical]  check list : paser_list[1]->status = -1
[debug][lexical]  check list : paser_list[2]->status = -2
[debug][lexical]  check list : paser_list[3]->status = -1
[debug][lexical]  check list : paser_list[4]->status = -1
[debug][lexical]  check list : paser_list[5]->status = -1
[debug][lexical]  check list : paser_list[6]->status = -1
[debug][lexical]  check list : paser_list[7]->status = -1
[debug][lexical]  check list : paser_list[8]->status = -1
[debug][lexical]  check list : paser_list[9]->status = -1
[debug][lexical]  check list : paser_list[10]->status = -1
[debug][lexical]  check list : paser_list[11]->status = -1
[debug][lexical]  check list : paser_list[12]->status = -1
[debug][lexical]  check list : paser_list[13]->status = -1
[debug][lexical]  check list : paser_list[14]->status = -1
[debug][lexical]  check list : paser_list[15]->status = -1
[debug][lexical]  check list : paser_list[16]->status = -1
[debug][lexical]  check list : paser_list[17]->status = -1
[debug][lexical]  check list : end_count = 1
[debug][lexical]  check list : not_count = 17
[debug][lexical]  check list : count all = 18

[info][lexical]  back_p

[info][lexical]  get value = '
' len = 1 from 2

[debug]token type = 2

[info][lexical]  set_start

[info][lexical]  p = '}'

[debug][lexical]  check list : paser_list[0]->status = -1
[debug][lexical]  check list : paser_list[1]->status = -1
[debug][lexical]  check list : paser_list[2]->status = -1
[debug][lexical]  check list : paser_list[3]->status = -1
[debug][lexical]  check list : paser_list[4]->status = -1
[debug][lexical]  check list : paser_list[5]->status = -1
[debug][lexical]  check list : paser_list[6]->status = -1
[debug][lexical]  check list : paser_list[7]->status = -1
[debug][lexical]  check list : paser_list[8]->status = -1
[debug][lexical]  check list : paser_list[9]->status = -1
[debug][lexical]  check list : paser_list[10]->status = -1
[debug][lexical]  check list : paser_list[11]->status = -1
[debug][lexical]  check list : paser_list[12]->status = -3
[debug][lexical]  check list : paser_list[13]->status = -1
[debug][lexical]  check list : paser_list[14]->status = -1
[debug][lexical]  check list : paser_list[15]->status = -1
[debug][lexical]  check list : paser_list[16]->status = -1
[debug][lexical]  check list : paser_list[17]->status = -1
[debug][lexical]  check list : end_count = 0
[debug][lexical]  check list : not_count = 17
[debug][lexical]  check list : count all = 18

[debug][lexical]  continue to paser

[info][lexical]  p = <Enter>

[debug][lexical]  check list : paser_list[0]->status = -1
[debug][lexical]  check list : paser_list[1]->status = -1
[debug][lexical]  check list : paser_list[2]->status = -1
[debug][lexical]  check list : paser_list[3]->status = -1
[debug][lexical]  check list : paser_list[4]->status = -1
[debug][lexical]  check list : paser_list[5]->status = -1
[debug][lexical]  check list : paser_list[6]->status = -1
[debug][lexical]  check list : paser_list[7]->status = -1
[debug][lexical]  check list : paser_list[8]->status = -1
[debug][lexical]  check list : paser_list[9]->status = -1
[debug][lexical]  check list : paser_list[10]->status = -1
[debug][lexical]  check list : paser_list[11]->status = -1
[debug][lexical]  check list : paser_list[12]->status = -2
[debug][lexical]  check list : paser_list[13]->status = -1
[debug][lexical]  check list : paser_list[14]->status = -1
[debug][lexical]  check list : paser_list[15]->status = -1
[debug][lexical]  check list : paser_list[16]->status = -1
[debug][lexical]  check list : paser_list[17]->status = -1
[debug][lexical]  check list : end_count = 1
[debug][lexical]  check list : not_count = 17
[debug][lexical]  check list : count all = 18

[info][lexical]  back_p

[info][lexical]  get value = '}' len = 1 from 12

[debug]token type = 12

[info][lexical]  set_start

[info][lexical]  p = <Enter>

[debug][lexical]  check list : paser_list[0]->status = -1
[debug][lexical]  check list : paser_list[1]->status = -1
[debug][lexical]  check list : paser_list[2]->status = -3
[debug][lexical]  check list : paser_list[3]->status = -1
[debug][lexical]  check list : paser_list[4]->status = -1
[debug][lexical]  check list : paser_list[5]->status = -1
[debug][lexical]  check list : paser_list[6]->status = -1
[debug][lexical]  check list : paser_list[7]->status = -1
[debug][lexical]  check list : paser_list[8]->status = -1
[debug][lexical]  check list : paser_list[9]->status = -1
[debug][lexical]  check list : paser_list[10]->status = -1
[debug][lexical]  check list : paser_list[11]->status = -1
[debug][lexical]  check list : paser_list[12]->status = -1
[debug][lexical]  check list : paser_list[13]->status = -1
[debug][lexical]  check list : paser_list[14]->status = -1
[debug][lexical]  check list : paser_list[15]->status = -1
[debug][lexical]  check list : paser_list[16]->status = -1
[debug][lexical]  check list : paser_list[17]->status = -1
[debug][lexical]  check list : end_count = 0
[debug][lexical]  check list : not_count = 17
[debug][lexical]  check list : count all = 18

[debug][lexical]  continue to paser

[info][lexical]  p = <EOF>

[debug][lexical]  check list : paser_list[0]->status = -1
[debug][lexical]  check list : paser_list[1]->status = -1
[debug][lexical]  check list : paser_list[2]->status = -2
[debug][lexical]  check list : paser_list[3]->status = -1
[debug][lexical]  check list : paser_list[4]->status = -1
[debug][lexical]  check list : paser_list[5]->status = -1
[debug][lexical]  check list : paser_list[6]->status = -1
[debug][lexical]  check list : paser_list[7]->status = -1
[debug][lexical]  check list : paser_list[8]->status = -1
[debug][lexical]  check list : paser_list[9]->status = -1
[debug][lexical]  check list : paser_list[10]->status = -1
[debug][lexical]  check list : paser_list[11]->status = -1
[debug][lexical]  check list : paser_list[12]->status = -1
[debug][lexical]  check list : paser_list[13]->status = -1
[debug][lexical]  check list : paser_list[14]->status = -1
[debug][lexical]  check list : paser_list[15]->status = -1
[debug][lexical]  check list : paser_list[16]->status = -1
[debug][lexical]  check list : paser_list[17]->status = -1
[debug][lexical]  check list : end_count = 1
[debug][lexical]  check list : not_count = 17
[debug][lexical]  check list : count all = 18

[info][lexical]  back_p

[info][lexical]  get value = '
' len = 1 from 2

[debug]token type = <EOF>

[info][lexical]  set_start

[info][lexical]  p = <Enter>

[debug][lexical]  check list : paser_list[0]->status = -1
[debug][lexical]  check list : paser_list[1]->status = -1
[debug][lexical]  check list : paser_list[2]->status = -3
[debug][lexical]  check list : paser_list[3]->status = -1
[debug][lexical]  check list : paser_list[4]->status = -1
[debug][lexical]  check list : paser_list[5]->status = -1
[debug][lexical]  check list : paser_list[6]->status = -1
[debug][lexical]  check list : paser_list[7]->status = -1
[debug][lexical]  check list : paser_list[8]->status = -1
[debug][lexical]  check list : paser_list[9]->status = -1
[debug][lexical]  check list : paser_list[10]->status = -1
[debug][lexical]  check list : paser_list[11]->status = -1
[debug][lexical]  check list : paser_list[12]->status = -1
[debug][lexical]  check list : paser_list[13]->status = -1
[debug][lexical]  check list : paser_list[14]->status = -1
[debug][lexical]  check list : paser_list[15]->status = -1
[debug][lexical]  check list : paser_list[16]->status = -1
[debug][lexical]  check list : paser_list[17]->status = -1
[debug][lexical]  check list : end_count = 0
[debug][lexical]  check list : not_count = 17
[debug][lexical]  check list : count all = 18

[debug][lexical]  continue to paser

[info][lexical]  p = <EOF>

[debug][lexical]  check list : paser_list[0]->status = -1
[debug][lexical]  check list : paser_list[1]->status = -1
[debug][lexical]  check list : paser_list[2]->status = -2
[debug][lexical]  check list : paser_list[3]->status = -1
[debug][lexical]  check list : paser_list[4]->status = -1
[debug][lexical]  check list : paser_list[5]->status = -1
[debug][lexical]  check list : paser_list[6]->status = -1
[debug][lexical]  check list : paser_list[7]->status = -1
[debug][lexical]  check list : paser_list[8]->status = -1
[debug][lexical]  check list : paser_list[9]->status = -1
[debug][lexical]  check list : paser_list[10]->status = -1
[debug][lexical]  chec