[info][token : [  0]] :: <token :  54 num =   0> - <NULL        num =   1> -  ||- END
[info][token : [  1]] :: <token :  54 num =   0> - <NULL        num =   1> -  ||- END
[info][token : [  2]] :: <NULL        num =   0> - <NULL        num =   1> -  ||- END
[info][token : [  3]] :: <token :  54 num =   0> - <NULL        num =   1> -  ||- END
[info][token : [  4]] :: <NULL        num =   0> - <NULL        num =   1> -  ||- END
[info][token : [  5]] :: <token :  54 num =   0> - <NULL        num =   1> -  ||- END
[info][token : [  6]] :: <NULL        num =   0> - <NULL        num =   1> -  ||- END
[info][token : [  7]] :: <token :  54 num =   0> - <NULL        num =   1> -  ||- END
[info][token : [  8]] :: <NULL        num =   0> - <NULL        num =   1> -  ||- END
[info][token : [  9]] :: <token :  54 num =   0> - <NULL        num =   1> -  ||- END
[info][token : [ 10]] :: <NULL        num =   0> - <NULL        num =   1> -  ||- END
[info][token : [ 11]] :: <token :  54 num =   0> - <NULL        num =   1> -  ||- END
[info][token : [ 12]] :: <NULL        num =   0> - <NULL        num =   1> -  ||- END
[info][token : [ 13]] :: <token :  54 num =   0> - <NULL        num =   1> -  ||- END
[info][token : [ 14]] :: <NULL        num =   0> - <NULL        num =   1> -  ||- END
[info][token : [ 15]] :: <token :  54 num =   0> - <NULL        num =   1> -  ||- END
[info][token : [ 16]] :: <NULL        num =   0> - <NULL        num =   1> -  ||- END
[info][token : [ 17]] :: <token :  54 num =   0> - <NULL        num =   1> -  ||- END
[info][token : [ 18]] :: <NULL        num =   0> - <NULL        num =   1> -  ||- END
[info][token : [ 19]] :: <token :  54 num =   0> - <NULL        num =   1> -  ||- END
[info][token : [ 20]] :: <NULL        num =   0> - <NULL        num =   1> -  ||- END
[info][token : [ 21]] :: <token :  54 num =   0> - <NULL        num =   1> -  ||- END
[info][token : [ 22]] :: <NULL        num =   0> - <NULL        num =   1> -  ||- END
[info][token : [ 23]] :: <token :  54 num =   0> - <NULL        num =   1> -  ||- END
[info][token : [ 24]] :: <NULL        num =   0> - <NULL        num =   1> -  ||- END
[info][token : [ 25]] :: <token :  54 num =   0> - <NULL        num =   1> -  ||- END
[info][token : [ 26]] :: <NULL        num =   0> - <NULL        num =   1> -  ||- END
[info][token : [ 27]] :: <token :  54 num =   0> - <NULL        num =   1> -  ||- END
[info][token : [ 28]] :: <NULL        num =   0> - <NULL        num =   1> -  ||- END
[info][token : [ 29]] :: <token :  54 num =   0> - <NULL        num =   1> -  ||- END
[info][token : [ 30]] :: <NULL        num =   0> - <NULL        num =   1> -  ||- END
[info][token : [ 31]] :: <token :  54 num =   0> - <NULL        num =   1> -  ||- END
[info][token : [ 32]] :: <NULL        num =   0> - <NULL        num =   1> -  ||- END
[info][token : [ 33]] :: <token :  54 num =   0> - <NULL        num =   1> -  ||- END
[info][token : [ 34]] :: <NULL        num =   0> - <NULL        num =   1> -  ||- END
[info][token : [ 35]] :: <token :  54 num =   0> - <NULL        num =   1> -  ||- END
[info][token : [ 36]] :: <NULL        num =   0> - <NULL        num =   1> -  ||- END
[debug][tag 4]
[info][token : [ 37]] :: <token :  54 num =   0> - <NULL        num =   1> -  ||- END
[info][token : [ 38]] :: <NULL        num =   0> - <NULL        num =   1> -  ||- END
[info][token : [ 39]] :: <token :  54 num =   0> - <NULL        num =   1> -  ||- END
[info][token : [ 40]] :: <NULL        num =   0> - <NULL        num =   1> -  ||- END
[info][token : [ 41]] :: <token :  54 num =   0> - <NULL        num =   1> -  ||- END
[info][token : [ 42]] :: <NULL        num =   0> - <NULL        num =   1> -  ||- END
[info][token : [ 43]] :: <token :  54 num =   0> - <NULL        num =   1> -  ||- END
[info][token : [ 44]] :: <NULL        num =   0> - <NULL        num =   1> -  ||- END
[debug][tag 2]
[info][token : [ 45]] :: <token :  54 num =   0> - <NULL        num =   1> -  ||- END
[info][token : [ 46]] :: <NULL        num =   0> - <NULL        num =   1> -  ||- END
[info][token : [ 47]] :: <token :  54 num =   0> - <NULL        num =   1> -  ||- END
[info][token : [ 48]] :: <NULL        num =   0> - <NULL        num =   1> -  ||- END
[info][token : [ 49]] :: <token :  54 num =   0> - <NULL        num =   1> -  ||- END
[info][token : [ 50]] :: <NULL        num =   0> - <NULL        num =   1> -  ||- END
[info][token : [ 51]] :: <token :  54 num =   0> - <NULL        num =   1> -  ||- END
[info][token : [ 52]] :: <NULL        num =   0> - <NULL        num =   1> -  ||- END
[info][token : [ 53]] :: <token :  54 num =   0> - <NULL        num =   1> -  ||- END
[info][token : [ 54]] :: <NULL        num =   0> - <NULL        num =   1> -  ||- END
[info][token : [ 55]] :: <token :  54 num =   0> - <NULL        num =   1> -  ||- END
[info][token : [ 56]] :: <NULL        num =   0> - <NULL        num =   1> -  ||- END
[info][token : [ 57]] :: <token :  54 num =   0> - <NULL        num =   1> -  ||- END
[info][token : [ 58]] :: <NULL        num =   0> - <NULL        num =   1> -  ||- END
[info][token : [ 59]] :: <token :  54 num =   0> - <NULL        num =   1> -  ||- END
[info][token : [ 60]] :: <NULL        num =   0> - <NULL        num =   1> -  ||- END
[info][token : [ 61]] :: <token :  54 num =   0> - <NULL        num =   1> -  ||- END
[info][token : [ 62]] :: <NULL        num =   0> - <NULL        num =   1> -  ||- END
[info][token : [ 63]] :: <token :  54 num =   0> - <NULL        num =   1> -  ||- END
[info][token : [ 64]] :: <NULL        num =   0> - <NULL        num =   1> -  ||- END
[info][token : [ 65]] :: <token :  54 num =   0> - <NULL        num =   1> -  ||- END
[info][token : [ 66]] :: <NULL        num =   0> - <NULL        num =   1> -  ||- END
[info][token : [ 67]] :: <token :  54 num =   0> - <NULL        num =   1> -  ||- END
[info][token : [ 68]] :: <NULL        num =   0> - <NULL        num =   1> -  ||- END
[info][token : [ 69]] :: <token :  54 num =   0> - <NULL        num =   1> -  ||- END
[info][token : [ 70]] :: <NULL        num =   0> - <NULL        num =   1> -  ||- END
[info][token : [ 71]] :: <token :  54 num =   0> - <NULL        num =   1> -  ||- END
[info][token : [ 72]] :: <NULL        num =   0> - <NULL        num =   1> -  ||- END
[info][token : [ 73]] :: <token :  54 num =   0> - <NULL        num =   1> -  ||- END
[info][token : [ 74]] :: <NULL        num =   0> - <NULL        num =   1> -  ||- END
[info][token : [ 75]] :: <token :  54 num =   0> - <NULL        num =   1> -  ||- END
[info][token : [ 76]] :: <NULL        num =   0> - <NULL        num =   1> -  ||- END
[info][token : [ 77]] :: <token :  54 num =   0> - <NULL        num =   1> -  ||- END
[info][token : [ 78]] :: <NULL        num =   0> - <NULL        num =   1> -  ||- END
[info][token : [ 79]] :: <token :  54 num =   0> - <NULL        num =   1> -  ||- END
[info][token : [ 80]] :: <NULL        num =   0> - <NULL        num =   1> -  ||- END
[info][token : [ 81]] :: <token :  54 num =   0> - <NULL        num =   1> -  ||- END
